\BOOKMARK [0][-]{chapter*.3}{Contents}{}% 1
\BOOKMARK [0][-]{chapter*.4}{List of Figures}{}% 2
\BOOKMARK [0][-]{chapter*.5}{List of Tables}{}% 3
\BOOKMARK [0][-]{chapter.1}{Shaft and Shaft Components}{}% 4
\BOOKMARK [1][-]{section.1.1}{Shaft Materials}{chapter.1}% 5
\BOOKMARK [1][-]{section.1.2}{Shaft Layout}{chapter.1}% 6
\BOOKMARK [1][-]{section.1.3}{Shaft Design for Stress}{chapter.1}% 7
\BOOKMARK [1][-]{section.1.4}{Torque Trasmission Components}{chapter.1}% 8
\BOOKMARK [0][-]{chapter.2}{Journal Bearings and Lubrication}{}% 9
\BOOKMARK [0][-]{chapter.3}{Rolling-Contact Bearings}{}% 10
\BOOKMARK [0][-]{chapter.4}{Gears}{}% 11
\BOOKMARK [1][-]{section.4.1}{Gear Overview}{chapter.4}% 12
\BOOKMARK [1][-]{section.4.2}{Gear Trains}{chapter.4}% 13
\BOOKMARK [1][-]{section.4.3}{Spur Gears}{chapter.4}% 14
\BOOKMARK [1][-]{section.4.4}{Other Types of Gears}{chapter.4}% 15
\BOOKMARK [0][-]{chapter.5}{Clutches, Brakes, Couplings, and Flywheels}{}% 16
\BOOKMARK [0][-]{chapter.6}{Flexible Mechanical Elements}{}% 17
\BOOKMARK [0][-]{chapter.7}{Flexible Machine Elements}{}% 18
\BOOKMARK [0][-]{chapter.8}{Power Transmission Case Study}{}% 19
\BOOKMARK [0][-]{chapter*.34}{Bibliography}{}% 20
